Flutter crash report.
Please report a bug at https://github.com/flutter/flutter/issues.

## command

flutter --quiet assemble --no-version-check --depfile D:\Documents\CG_Calendar\cg_calendar\build\app\intermediates\flutter\release/flutter_build.d --output D:\Documents\CG_Calendar\cg_calendar\build\app\intermediates\flutter\release -dTargetFile=lib\main.dart -dTargetPlatform=android -dBuildMode=release -dTrackWidgetCreation=true -dTreeShakeIcons=true --DartDefines=RkxVVFRFUl9WRVJTSU9OPTMuMzguOQ==,RkxVVFRFUl9DSEFOTkVMPXN0YWJsZQ==,RkxVVFRFUl9HSVRfVVJMPWh0dHBzOi8vZ2l0aHViLmNvbS9mbHV0dGVyL2ZsdXR0ZXIuZ2l0,RkxVVFRFUl9GUkFNRVdPUktfUkVWSVNJT049NjczMjNkZTI4NQ==,RkxVVFRFUl9FTkdJTkVfUkVWSVNJT049NTg3YzE4Zjg3Mw==,RkxVVFRFUl9EQVJUX1ZFUlNJT049My4xMC44 -dFlavor= -dAndroidArchs=android-arm android-arm64 android-x64 -dMinSdkVersion=24 android_aot_bundle_release_android-arm android_aot_bundle_release_android-arm64 android_aot_bundle_release_android-x64

## exception

PathAccessException: PathAccessException: Cannot delete file, path = 'D:\Documents\CG_Calendar\cg_calendar\.dart_tool\flutter_build\bf5b0600782f05c1fed8ecc4dc84bd01\aot_android_asset_bundle.stamp' (OS Error: Access is denied, errno = 5)

```
#0      _File.throwIfError (dart:io/file_impl.dart:783:7)
#1      _File._deleteSync (dart:io/file_impl.dart:368:5)
#2      FileSystemEntity.deleteSync (dart:io/file_system_entity.dart:425:7)
#3      ForwardingFileSystemEntity.deleteSync (package:file/src/forwarding/forwarding_file_system_entity.dart:70:16)
#4      ForwardingFileSystemEntity.deleteSync (package:file/src/forwarding/forwarding_file_system_entity.dart:70:16)
#5      ErrorHandlingFileSystem.deleteIfExists (package:flutter_tools/src/base/error_handling_io.dart:90:14)
#6      Target.clearStamp (package:flutter_tools/src/build_system/build_system.dart:178:29)
#7      _BuildInstance._invokeInternal (package:flutter_tools/src/build_system/build_system.dart:922:19)
<asynchronous suspension>
#8      Future.wait.<anonymous closure> (dart:async/future.dart:546:21)
<asynchronous suspension>
#9      _BuildInstance.invokeTarget (package:flutter_tools/src/build_system/build_system.dart:833:32)
<asynchronous suspension>
#10     Future.wait.<anonymous closure> (dart:async/future.dart:546:21)
<asynchronous suspension>
#11     _BuildInstance.invokeTarget (package:flutter_tools/src/build_system/build_system.dart:833:32)
<asynchronous suspension>
#12     FlutterBuildSystem.build (package:flutter_tools/src/build_system/build_system.dart:653:16)
<asynchronous suspension>
#13     AssembleCommand.runCommand (package:flutter_tools/src/commands/assemble.dart:361:32)
<asynchronous suspension>
#14     FlutterCommand.run.<anonymous closure> (package:flutter_tools/src/runner/flutter_command.dart:1559:27)
<asynchronous suspension>
#15     AppContext.run.<anonymous closure> (package:flutter_tools/src/base/context.dart:154:19)
<asynchronous suspension>
#16     CommandRunner.runCommand (package:args/command_runner.dart:212:13)
<asynchronous suspension>
#17     FlutterCommandRunner.runCommand.<anonymous closure> (package:flutter_tools/src/runner/flutter_command_runner.dart:487:9)
<asynchronous suspension>
#18     AppContext.run.<anonymous closure> (package:flutter_tools/src/base/context.dart:154:19)
<asynchronous suspension>
#19     FlutterCommandRunner.runCommand (package:flutter_tools/src/runner/flutter_command_runner.dart:422:5)
<asynchronous suspension>
#20     run.<anonymous closure>.<anonymous closure> (package:flutter_tools/runner.dart:104:11)
<asynchronous suspension>
#21     AppContext.run.<anonymous closure> (package:flutter_tools/src/base/context.dart:154:19)
<asynchronous suspension>
#22     main (package:flutter_tools/executable.dart:103:3)
<asynchronous suspension>
```

## flutter doctor

```
[✓] Flutter (Channel stable, 3.38.9, on Microsoft Windows [Version 10.0.26100.7462], locale en-US) [413ms]
    • Flutter version 3.38.9 on channel stable at C:\flutter
    • Upstream repository https://github.com/flutter/flutter.git
    • Framework revision 67323de285 (5 days ago), 2026-01-28 13:43:12 -0800
    • Engine revision 587c18f873
    • Dart version 3.10.8
    • DevTools version 2.51.1
    • Feature flags: enable-web, enable-linux-desktop, enable-macos-desktop, enable-windows-desktop, enable-android, enable-ios, cli-animations, enable-native-assets, omit-legacy-version-file, enable-lldb-debugging

[✓] Windows Version (11 Pro 64-bit, 24H2, 2009) [884ms]

[✓] Android toolchain - develop for Android devices (Android SDK version 36.0.0) [1,948ms]
    • Android SDK at C:\Users\admin\AppData\Local\Android\Sdk
    • Emulator version 36.3.10.0 (build_id 14472402) (CL:N/A)
    • Platform android-36, build-tools 36.0.0
    • ANDROID_HOME = C:\Users\admin\AppData\Local\Android\Sdk
    • ANDROID_SDK_ROOT = C:\Users\admin\AppData\Local\Android\Sdk
    • Java binary at: C:\Program Files\Android\Android Studio\jbr\bin\java
      This is the JDK bundled with the latest Android Studio installation on this machine.
      To manually set the JDK path, use: `flutter config --jdk-dir="path/to/jdk"`.
    • Java version OpenJDK Runtime Environment (build 21.0.6+-13368085-b895.109)
    • All Android licenses accepted.

[✓] Chrome - develop for the web [222ms]
    • Chrome at C:\Program Files\Google\Chrome\Application\chrome.exe

[!] Visual Studio - develop Windows apps (Visual Studio Community 2022 17.12.3) [221ms]
    • Visual Studio at C:\Program Files\Microsoft Visual Studio\2022\Community
    • Visual Studio Community 2022 version 17.12.35527.113
    ✗ Visual Studio is missing necessary components. Please re-run the Visual Studio installer for the "Desktop development with C++" workload, and include these components:
        MSVC v142 - VS 2019 C++ x64/x86 build tools
         - If there are multiple build tool versions available, install the latest
        C++ CMake tools for Windows
        Windows 10 SDK

[✓] Connected device (4 available) [380ms]
    • SM G960F (mobile) • 2235d0584a0d7ece • android-arm64  • Android 10 (API 29)
    • Windows (desktop) • windows          • windows-x64    • Microsoft Windows [Version 10.0.26100.7462]
    • Chrome (web)      • chrome           • web-javascript • Google Chrome 144.0.7559.110
    • Edge (web)        • edge             • web-javascript • Microsoft Edge 144.0.3719.82

[✓] Network resources [1,229ms]
    • All expected network resources are available.

! Doctor found issues in 1 category.
```
